2024-03-07 19:41:37.472 [info] Extension host with pid 22904 started
2024-03-07 19:41:37.794 [info] ExtensionService#_doActivateExtension vscode.git-base, startup: true, activationEvent: '*', root cause: vscode.git
2024-03-07 19:41:37.799 [info] ExtensionService#_doActivateExtension austenc.laravel-blade-spacer, startup: true, activationEvent: '*'
2024-03-07 19:41:37.802 [info] ExtensionService#_doActivateExtension dlasagno.wal-theme, startup: true, activationEvent: '*'
2024-03-07 19:41:37.861 [info] ExtensionService#_doActivateExtension vscode.git, startup: true, activationEvent: '*'
2024-03-07 19:41:37.967 [info] ExtensionService#_doActivateExtension vscode.github, startup: true, activationEvent: '*'
2024-03-07 19:41:38.090 [info] Eager extensions activated
2024-03-07 19:41:38.114 [info] ExtensionService#_doActivateExtension vscode.debug-auto-launch, startup: false, activationEvent: 'onStartupFinished'
2024-03-07 19:41:38.117 [info] ExtensionService#_doActivateExtension vscode.merge-conflict, startup: false, activationEvent: 'onStartupFinished'
2024-03-07 19:41:38.139 [info] ExtensionService#_doActivateExtension bradlc.vscode-tailwindcss, startup: false, activationEvent: 'onStartupFinished'
2024-03-07 19:41:38.188 [info] ExtensionService#_doActivateExtension Catppuccin.catppuccin-vsc, startup: false, activationEvent: 'onStartupFinished'
2024-03-07 19:41:38.195 [info] ExtensionService#_doActivateExtension dbaeumer.vscode-eslint, startup: false, activationEvent: 'onStartupFinished'
2024-03-07 19:41:38.235 [info] ExtensionService#_doActivateExtension dsznajder.es7-react-js-snippets, startup: false, activationEvent: 'onStartupFinished'
2024-03-07 19:41:38.714 [info] ExtensionService#_doActivateExtension eamodio.gitlens, startup: false, activationEvent: 'onStartupFinished'
2024-03-07 19:41:38.835 [info] ExtensionService#_doActivateExtension ecmel.vscode-html-css, startup: false, activationEvent: 'onStartupFinished'
2024-03-07 19:41:38.841 [info] ExtensionService#_doActivateExtension Equinusocio.vsc-material-theme, startup: false, activationEvent: 'onStartupFinished'
2024-03-07 19:41:38.847 [info] ExtensionService#_doActivateExtension equinusocio.vsc-material-theme-icons, startup: false, activationEvent: 'onStartupFinished'
2024-03-07 19:41:38.872 [info] ExtensionService#_doActivateExtension formulahendry.code-runner, startup: false, activationEvent: 'onStartupFinished'
2024-03-07 19:41:38.895 [info] ExtensionService#_doActivateExtension PKief.material-icon-theme, startup: false, activationEvent: 'onStartupFinished'
2024-03-07 19:41:38.911 [info] ExtensionService#_doActivateExtension ritwickdey.LiveServer, startup: false, activationEvent: 'onStartupFinished'
2024-03-07 19:41:38.919 [info] ExtensionService#_doActivateExtension usernamehw.errorlens, startup: false, activationEvent: 'onStartupFinished'
2024-03-07 19:41:38.926 [info] ExtensionService#_doActivateExtension yandeu.five-server, startup: false, activationEvent: 'onStartupFinished'
2024-03-07 19:41:38.996 [info] ExtensionService#_doActivateExtension zhuangtongfa.material-theme, startup: false, activationEvent: 'onStartupFinished'
2024-03-07 19:41:48.487 [info] Extension host terminating: renderer closed the MessagePort
2024-03-07 19:41:48.525 [error] Canceled: Canceled
	at new $ (/opt/visual-studio-code/resources/app/out/vs/workbench/api/node/extensionHostProcess.js:140:45885)
	at s.U (/opt/visual-studio-code/resources/app/out/vs/workbench/api/node/extensionHostProcess.js:147:5556)
	at z.<computed>.T.charCodeAt.z.<computed> (/opt/visual-studio-code/resources/app/out/vs/workbench/api/node/extensionHostProcess.js:147:3007)
	at l.g (/opt/visual-studio-code/resources/app/out/vs/workbench/api/node/extensionHostProcess.js:150:184300)
	at l.executeCommand (/opt/visual-studio-code/resources/app/out/vs/workbench/api/node/extensionHostProcess.js:150:183738)
	at f.registerCommand.description (/opt/visual-studio-code/resources/app/out/vs/workbench/api/node/extensionHostProcess.js:150:183062)
	at l.h (/opt/visual-studio-code/resources/app/out/vs/workbench/api/node/extensionHostProcess.js:150:184839)
	at l.g (/opt/visual-studio-code/resources/app/out/vs/workbench/api/node/extensionHostProcess.js:150:183831)
	at l.executeCommand (/opt/visual-studio-code/resources/app/out/vs/workbench/api/node/extensionHostProcess.js:150:183738)
	at Object.executeCommand (/opt/visual-studio-code/resources/app/out/vs/workbench/api/node/extensionHostProcess.js:160:21654)
	at w (/home/lonely/.vscode/extensions/eamodio.gitlens-14.9.0/dist/gitlens.js:1081:41198)
	at h (/home/lonely/.vscode/extensions/eamodio.gitlens-14.9.0/dist/gitlens.js:1081:46237)
	at ActionRunners._updateContextKeys (/home/lonely/.vscode/extensions/eamodio.gitlens-14.9.0/dist/gitlens.js:663:18411)
	at s (/home/lonely/.vscode/extensions/eamodio.gitlens-14.9.0/dist/gitlens.js:663:16855)
	at RegisteredActionRunner.unregister (/home/lonely/.vscode/extensions/eamodio.gitlens-14.9.0/dist/gitlens.js:663:16998)
	at RegisteredActionRunner.dispose (/home/lonely/.vscode/extensions/eamodio.gitlens-14.9.0/dist/gitlens.js:663:15651)
	at ActionRunners.dispose (/home/lonely/.vscode/extensions/eamodio.gitlens-14.9.0/dist/gitlens.js:663:16438)
	at /home/lonely/.vscode/extensions/eamodio.gitlens-14.9.0/dist/gitlens.js:1041:19519
	at Array.forEach (<anonymous>)
	at Object.dispose (/home/lonely/.vscode/extensions/eamodio.gitlens-14.9.0/dist/gitlens.js:1041:19501)
	at o (/opt/visual-studio-code/resources/app/out/vs/workbench/api/node/extensionHostProcess.js:30:754)
	at w.cb (/opt/visual-studio-code/resources/app/out/vs/workbench/api/node/extensionHostProcess.js:156:9882)
	at /opt/visual-studio-code/resources/app/out/vs/workbench/api/node/extensionHostProcess.js:156:7816
	at Array.map (<anonymous>)
	at w.Y (/opt/visual-studio-code/resources/app/out/vs/workbench/api/node/extensionHostProcess.js:156:7803)
	at w.terminate (/opt/visual-studio-code/resources/app/out/vs/workbench/api/node/extensionHostProcess.js:156:8076)
	at o.terminate (/opt/visual-studio-code/resources/app/out/vs/workbench/api/node/extensionHostProcess.js:160:1513)
	at t (/opt/visual-studio-code/resources/app/out/vs/workbench/api/node/extensionHostProcess.js:173:9949)
	at MessagePortMain.<anonymous> (/opt/visual-studio-code/resources/app/out/vs/workbench/api/node/extensionHostProcess.js:173:6374)
	at MessagePortMain.emit (node:events:514:28)
	at Object.emit (node:electron/js2c/utility_init:2:2285) setContext undefined
2024-03-07 19:41:48.525 [error] Canceled: Canceled
	at new $ (/opt/visual-studio-code/resources/app/out/vs/workbench/api/node/extensionHostProcess.js:140:45885)
	at s.U (/opt/visual-studio-code/resources/app/out/vs/workbench/api/node/extensionHostProcess.js:147:5556)
	at z.<computed>.T.charCodeAt.z.<computed> (/opt/visual-studio-code/resources/app/out/vs/workbench/api/node/extensionHostProcess.js:147:3007)
	at l.g (/opt/visual-studio-code/resources/app/out/vs/workbench/api/node/extensionHostProcess.js:150:184300)
	at l.executeCommand (/opt/visual-studio-code/resources/app/out/vs/workbench/api/node/extensionHostProcess.js:150:183738)
	at f.registerCommand.description (/opt/visual-studio-code/resources/app/out/vs/workbench/api/node/extensionHostProcess.js:150:183062)
	at l.h (/opt/visual-studio-code/resources/app/out/vs/workbench/api/node/extensionHostProcess.js:150:184839)
	at l.g (/opt/visual-studio-code/resources/app/out/vs/workbench/api/node/extensionHostProcess.js:150:183831)
	at l.executeCommand (/opt/visual-studio-code/resources/app/out/vs/workbench/api/node/extensionHostProcess.js:150:183738)
	at Object.executeCommand (/opt/visual-studio-code/resources/app/out/vs/workbench/api/node/extensionHostProcess.js:160:21654)
	at w (/home/lonely/.vscode/extensions/eamodio.gitlens-14.9.0/dist/gitlens.js:1081:41198)
	at h (/home/lonely/.vscode/extensions/eamodio.gitlens-14.9.0/dist/gitlens.js:1081:46237)
	at ActionRunners._updateContextKeys (/home/lonely/.vscode/extensions/eamodio.gitlens-14.9.0/dist/gitlens.js:663:18411)
	at s (/home/lonely/.vscode/extensions/eamodio.gitlens-14.9.0/dist/gitlens.js:663:16855)
	at RegisteredActionRunner.unregister (/home/lonely/.vscode/extensions/eamodio.gitlens-14.9.0/dist/gitlens.js:663:16998)
	at RegisteredActionRunner.dispose (/home/lonely/.vscode/extensions/eamodio.gitlens-14.9.0/dist/gitlens.js:663:15651)
	at ActionRunners.dispose (/home/lonely/.vscode/extensions/eamodio.gitlens-14.9.0/dist/gitlens.js:663:16438)
	at /home/lonely/.vscode/extensions/eamodio.gitlens-14.9.0/dist/gitlens.js:1041:19519
	at Array.forEach (<anonymous>)
	at Object.dispose (/home/lonely/.vscode/extensions/eamodio.gitlens-14.9.0/dist/gitlens.js:1041:19501)
	at o (/opt/visual-studio-code/resources/app/out/vs/workbench/api/node/extensionHostProcess.js:30:754)
	at w.cb (/opt/visual-studio-code/resources/app/out/vs/workbench/api/node/extensionHostProcess.js:156:9882)
	at /opt/visual-studio-code/resources/app/out/vs/workbench/api/node/extensionHostProcess.js:156:7816
	at Array.map (<anonymous>)
	at w.Y (/opt/visual-studio-code/resources/app/out/vs/workbench/api/node/extensionHostProcess.js:156:7803)
	at w.terminate (/opt/visual-studio-code/resources/app/out/vs/workbench/api/node/extensionHostProcess.js:156:8076)
	at o.terminate (/opt/visual-studio-code/resources/app/out/vs/workbench/api/node/extensionHostProcess.js:160:1513)
	at t (/opt/visual-studio-code/resources/app/out/vs/workbench/api/node/extensionHostProcess.js:173:9949)
	at MessagePortMain.<anonymous> (/opt/visual-studio-code/resources/app/out/vs/workbench/api/node/extensionHostProcess.js:173:6374)
	at MessagePortMain.emit (node:events:514:28)
	at Object.emit (node:electron/js2c/utility_init:2:2285) setContext undefined
2024-03-07 19:41:48.525 [error] Canceled: Canceled
	at new $ (/opt/visual-studio-code/resources/app/out/vs/workbench/api/node/extensionHostProcess.js:140:45885)
	at s.U (/opt/visual-studio-code/resources/app/out/vs/workbench/api/node/extensionHostProcess.js:147:5556)
	at z.<computed>.T.charCodeAt.z.<computed> (/opt/visual-studio-code/resources/app/out/vs/workbench/api/node/extensionHostProcess.js:147:3007)
	at l.g (/opt/visual-studio-code/resources/app/out/vs/workbench/api/node/extensionHostProcess.js:150:184300)
	at l.executeCommand (/opt/visual-studio-code/resources/app/out/vs/workbench/api/node/extensionHostProcess.js:150:183738)
	at f.registerCommand.description (/opt/visual-studio-code/resources/app/out/vs/workbench/api/node/extensionHostProcess.js:150:183062)
	at l.h (/opt/visual-studio-code/resources/app/out/vs/workbench/api/node/extensionHostProcess.js:150:184839)
	at l.g (/opt/visual-studio-code/resources/app/out/vs/workbench/api/node/extensionHostProcess.js:150:183831)
	at l.executeCommand (/opt/visual-studio-code/resources/app/out/vs/workbench/api/node/extensionHostProcess.js:150:183738)
	at Object.executeCommand (/opt/visual-studio-code/resources/app/out/vs/workbench/api/node/extensionHostProcess.js:160:21654)
	at w (/home/lonely/.vscode/extensions/eamodio.gitlens-14.9.0/dist/gitlens.js:1081:41198)
	at h (/home/lonely/.vscode/extensions/eamodio.gitlens-14.9.0/dist/gitlens.js:1081:46237)
	at ActionRunners._updateContextKeys (/home/lonely/.vscode/extensions/eamodio.gitlens-14.9.0/dist/gitlens.js:663:18411)
	at s (/home/lonely/.vscode/extensions/eamodio.gitlens-14.9.0/dist/gitlens.js:663:16855)
	at RegisteredActionRunner.unregister (/home/lonely/.vscode/extensions/eamodio.gitlens-14.9.0/dist/gitlens.js:663:16998)
	at RegisteredActionRunner.dispose (/home/lonely/.vscode/extensions/eamodio.gitlens-14.9.0/dist/gitlens.js:663:15651)
	at ActionRunners.dispose (/home/lonely/.vscode/extensions/eamodio.gitlens-14.9.0/dist/gitlens.js:663:16438)
	at /home/lonely/.vscode/extensions/eamodio.gitlens-14.9.0/dist/gitlens.js:1041:19519
	at Array.forEach (<anonymous>)
	at Object.dispose (/home/lonely/.vscode/extensions/eamodio.gitlens-14.9.0/dist/gitlens.js:1041:19501)
	at o (/opt/visual-studio-code/resources/app/out/vs/workbench/api/node/extensionHostProcess.js:30:754)
	at w.cb (/opt/visual-studio-code/resources/app/out/vs/workbench/api/node/extensionHostProcess.js:156:9882)
	at /opt/visual-studio-code/resources/app/out/vs/workbench/api/node/extensionHostProcess.js:156:7816
	at Array.map (<anonymous>)
	at w.Y (/opt/visual-studio-code/resources/app/out/vs/workbench/api/node/extensionHostProcess.js:156:7803)
	at w.terminate (/opt/visual-studio-code/resources/app/out/vs/workbench/api/node/extensionHostProcess.js:156:8076)
	at o.terminate (/opt/visual-studio-code/resources/app/out/vs/workbench/api/node/extensionHostProcess.js:160:1513)
	at t (/opt/visual-studio-code/resources/app/out/vs/workbench/api/node/extensionHostProcess.js:173:9949)
	at MessagePortMain.<anonymous> (/opt/visual-studio-code/resources/app/out/vs/workbench/api/node/extensionHostProcess.js:173:6374)
	at MessagePortMain.emit (node:events:514:28)
	at Object.emit (node:electron/js2c/utility_init:2:2285) setContext undefined
2024-03-07 19:41:48.526 [error] ProxyResolver#resolveProxy DIRECT Canceled: Canceled
	at new $ (/opt/visual-studio-code/resources/app/out/vs/workbench/api/node/extensionHostProcess.js:140:45885)
	at s.U (/opt/visual-studio-code/resources/app/out/vs/workbench/api/node/extensionHostProcess.js:147:5556)
	at z.<computed>.T.charCodeAt.z.<computed> (/opt/visual-studio-code/resources/app/out/vs/workbench/api/node/extensionHostProcess.js:147:3007)
	at A.resolveProxy (/opt/visual-studio-code/resources/app/out/vs/workbench/api/node/extensionHostProcess.js:153:41297)
	at Object.resolveProxy (/opt/visual-studio-code/resources/app/out/vs/workbench/api/node/extensionHostProcess.js:135:33352)
	at useProxySettings (/opt/visual-studio-code/resources/app/node_modules.asar/@vscode/proxy-agent/out/index.js:165:16)
	at /opt/visual-studio-code/resources/app/node_modules.asar/@vscode/proxy-agent/out/index.js:113:13
	at /opt/visual-studio-code/resources/app/node_modules.asar/@vscode/proxy-agent/out/index.js:459:13
	at process.processTicksAndRejections (node:internal/process/task_queues:95:5) 
2024-03-07 19:41:48.538 [info] Extension host with pid 22904 exiting with code 0
